make all --print-data-base --no-builtin-variables --no-builtin-rules --question
# GNU Make 4.3
# Built for x86_64-pc-linux-gnu
# Copyright (C) 1988-2020 Free Software Foundation, Inc.
# License GPLv3+: GNU GPL version 3 or later <http://gnu.org/licenses/gpl.html>
# This is free software: you are free to change and redistribute it.
# There is NO WARRANTY, to the extent permitted by law.

# Make data base, printed on Mon Aug 22 14:50:22 2022

# Variables

# environment
GDK_BACKEND = x11
# environment
LC_ALL = C
# environment
GNOME_SHELL_SESSION_MODE = ubuntu
# environment
SSH_AGENT_LAUNCHER = gnome-keyring
# makefile (from 'Makefile', line 12)
LINUX_64 = ${BINARY_LINUX}-${ARCH_64}
# environment
HOMEBREW_PREFIX = /home/linuxbrew/.linuxbrew
# environment
GJS_DEBUG_OUTPUT = stderr
# makefile (from 'Makefile', line 10)
ARCH_32 = 386
# environment
LC_NAME = es_NI.UTF-8
# environment
LC_NUMERIC = es_NI.UTF-8
# environment
VSCODE_CWD = /home/gmena
# environment
WINDOWPATH = 2
# environment
LC_ADDRESS = es_NI.UTF-8
# default
MAKE_COMMAND := make
# environment
QT_ACCESSIBILITY = 1
# environment
GOPATH = /home/gmena/GoLangProjects/eshop/
# automatic
@D = $(patsubst %/,%,$(dir $@))
# environment
VSCODE_HANDLES_UNCAUGHT_ERRORS = true
# makefile (from 'Makefile', line 4)
BINARY = main
# default
.VARIABLES := 
# environment
PWD = /home/gmena/GoLangProjects/rolling
# automatic
%D = $(patsubst %/,%,$(dir $%))
# environment
XDG_DATA_DIRS = /usr/share/ubuntu:/usr/share/gnome:/usr/local/share/:/usr/share/:/var/lib/snapd/desktop
# automatic
^D = $(patsubst %/,%,$(dir $^))
# automatic
%F = $(notdir $%)
# environment
VSCODE_CODE_CACHE_PATH = /home/gmena/.config/Code/CachedData/e4503b30fc78200f846c62cf8091b76ff5547662
# environment
LANG = C
# environment
XAUTHORITY = /run/user/1000/gdm/Xauthority
# default
.LOADED := 
# environment
HOMEBREW_REPOSITORY = /home/linuxbrew/.linuxbrew/Homebrew
# default
.INCLUDE_DIRS = /usr/local/include /usr/include /usr/include
# makefile
MAKEFLAGS = pqrR
# makefile
CURDIR := /home/gmena/GoLangProjects/rolling
# environment
APPLICATION_INSIGHTS_NO_DIAGNOSTIC_CHANNEL = true
# automatic
*D = $(patsubst %/,%,$(dir $*))
# environment
MFLAGS = -pqrR
# environment
SSH_AUTH_SOCK = /run/user/1000/keyring/ssh
# default
.SHELLFLAGS := -c
# environment
XDG_CONFIG_DIRS = /etc/xdg/xdg-ubuntu:/etc/xdg
# automatic
+D = $(patsubst %/,%,$(dir $+))
# environment
XDG_SESSION_DESKTOP = ubuntu
# makefile (from 'Makefile', line 1)
MAKEFILE_LIST := Makefile
# automatic
@F = $(notdir $@)
# environment
VSCODE_PID = 5426
# environment
XDG_SESSION_TYPE = x11
# automatic
?D = $(patsubst %/,%,$(dir $?))
# environment
SESSION_MANAGER = local/gmena-ThinkPad-P70:@/tmp/.ICE-unix/2549,unix/gmena-ThinkPad-P70:/tmp/.ICE-unix/2549
# automatic
*F = $(notdir $*)
# environment
MANPATH = /home/linuxbrew/.linuxbrew/share/man:
# environment
CHROME_DESKTOP = code-url-handler.desktop
# environment
DBUS_SESSION_BUS_ADDRESS = unix:path=/run/user/1000/bus
# automatic
<D = $(patsubst %/,%,$(dir $<))
# environment
VSCODE_NLS_CONFIG = {"locale":"en-us","availableLanguages":{},"_languagePackSupport":true}
# default
MAKE_HOST := x86_64-pc-linux-gnu
# environment
GNOME_DESKTOP_SESSION_ID = this-is-deprecated
# environment
INFOPATH = /home/linuxbrew/.linuxbrew/share/info:
# makefile
SHELL = /bin/sh
# default
MAKECMDGOALS := all
# environment
XMODIFIERS = @im=ibus
# environment
GJS_DEBUG_TOPICS = JS ERROR;JS LOG
# environment
SHLVL = 0
# environment
MAKELEVEL := 0
# default
MAKE = $(MAKE_COMMAND)
# environment
PATH = /home/gmena/go/bin:/home/gmena/.cargo/bin:/home/linuxbrew/.linuxbrew/bin:/home/linuxbrew/.linuxbrew/sbin:/home/gmena/.local/bin:/home/gmena/bin:/usr/local/sbin:/usr/local/bin:/usr/sbin:/usr/bin:/sbin:/bin:/usr/games:/usr/local/games:/snap/bin:/snap/bin:/usr/local/go/bin:/usr/local/go/bin:/home/gmena/.local/share/JetBrains/Toolbox/scripts:/home/gmena/.local/share/JetBrains/Toolbox/scripts
# default
MAKEFILES := 
# makefile (from 'Makefile', line 14)
WIN_64 = ${BINARY_WIN}-${ARCH_64}
# environment
LC_MONETARY = es_NI.UTF-8
# automatic
^F = $(notdir $^)
# environment
LC_TIME = es_NI.UTF-8
# environment
HOMEBREW_SHELLENV_PREFIX = /home/linuxbrew/.linuxbrew
# makefile (from 'Makefile', line 6)
BINARY_OSX = ${BINARY}-darwin
# environment
INVOCATION_ID = dbe9a283d6e5443b9f95965a301369ca
# makefile (from 'Makefile', line 7)
BINARY_LINUX = ${BINARY}-linux
# environment
USERNAME = gmena
# environment
LC_TELEPHONE = es_NI.UTF-8
# automatic
?F = $(notdir $?)
# environment
XDG_CURRENT_DESKTOP = Unity
# makefile (from 'Makefile', line 9)
ARCH_64 = amd64
# automatic
+F = $(notdir $+)
# environment
DESKTOP_SESSION = ubuntu
# environment
ORIGINAL_XDG_CURRENT_DESKTOP = ubuntu:GNOME
# 'override' directive
GNUMAKEFLAGS := 
# environment
LOGNAME = gmena
# environment
GIO_LAUNCHED_DESKTOP_FILE = /usr/share/applications/code.desktop
# makefile
.DEFAULT_GOAL := test
# environment
SYSTEMD_EXEC_PID = 2607
# environment
DISPLAY = :0
# environment
USER = gmena
# environment
GTK_MODULES = gail:atk-bridge
# default
MAKE_VERSION := 4.3
# makefile (from 'Makefile', line 13)
LINUX_32 = ${BINARY_LINUX}-${ARCH_32}
# makefile (from 'Makefile', line 15)
WIN_32 = ${BINARY_WIN}-${ARCH_32}
# environment
MANAGERPID = 1141
# environment
HOMEBREW_CELLAR = /home/linuxbrew/.linuxbrew/Cellar
# makefile (from 'Makefile', line 5)
BINARY_WIN = ${BINARY}-win
# environment
LC_MEASUREMENT = es_NI.UTF-8
# environment
GIO_LAUNCHED_DESKTOP_FILE_PID = 5426
# makefile (from 'Makefile', line 16)
OSX_64 = ${BINARY_LINUX}-${ARCH_64}
# environment
_ = /usr/share/code/code
# environment
LC_PAPER = es_NI.UTF-8
# environment
XDG_RUNTIME_DIR = /run/user/1000
# environment
GPG_AGENT_INFO = /run/user/1000/gnupg/S.gpg-agent:0:1
# environment
JOURNAL_STREAM = 8:33143
# environment
GOMODCACHE = /home/gmena/GoLangProjects/eshop/pkg/mod
# environment
XDG_SESSION_CLASS = user
# environment
VSCODE_AMD_ENTRYPOINT = vs/workbench/api/node/extensionHostProcess
# environment
HOME = /home/gmena
# environment
QT_IM_MODULE = ibus
# environment
ELECTRON_RUN_AS_NODE = 1
# environment
VSCODE_IPC_HOOK = /run/user/1000/vscode-114bb07b-1.70.2-main.sock
# environment
IM_CONFIG_PHASE = 1
# environment
GOPROXY = https://proxy.golang.org,direct
# default
.RECIPEPREFIX := 
# automatic
<F = $(notdir $<)
# default
SUFFIXES := 
# default
.FEATURES := target-specific order-only second-expansion else-if shortest-stem undefine oneshell nocomment grouped-target extra-prereqs archives jobserver output-sync check-symlink load
# environment
XDG_MENU_PREFIX = gnome-
# environment
GDMSESSION = ubuntu
# environment
LC_IDENTIFICATION = es_NI.UTF-8
# variable set hash-table stats:
# Load=119/1024=12%, Rehash=0, Collisions=10/152=7%

# Pattern-specific Variable Values

# No pattern-specific variable values.

# Directories

# . (device 66311, inode 16256887): 23 files, no impossibilities.

# 23 files, no impossibilities in 1 directories.

# Implicit Rules

# No implicit rules.

# Files

compile-linux:
#  Implicit rule search has not been done.
#  Modification time never checked.
#  File has not been updated.
#  recipe to execute (from 'Makefile', line 74):
	GOOS=linux GOARCH=amd64 go build -o bin/${LINUX_64} main.go
	GOOS=linux GOARCH=386 go build -o bin/${LINUX_32} main.go

coverage:
#  Implicit rule search has not been done.
#  Modification time never checked.
#  File has not been updated.
#  recipe to execute (from 'Makefile', line 47):
	go test -coverprofile coverage ./...
	

compile: compile-linux compile-win compile-mac
#  Implicit rule search has not been done.
#  Modification time never checked.
#  File has not been updated.
#  recipe to execute (from 'Makefile', line 78):
	echo "Compiling for every OS and Platform"
	

# Not a target:
check-test-coverage:
#  Implicit rule search has not been done.
#  Modification time never checked.
#  File has not been updated.

benchmark:
#  Implicit rule search has not been done.
 
#  Modification time never checked.
#  File has not been updated.
#  recipe to execute (from 'Makefile', line 27):
	go test ./... -bench=. -benchtime 100000x -count 5

# Not a target:
Makefile:
#  Implicit rule search has been done.
#  Last modified 2022-05-11 14:13:25.950222633
#  File has been updated.
#  Successfully updated.

profiling:
#  Implicit rule search has not been done.
#  Modification time never checked.
#  File has not been updated.
#  recipe to execute (from 'Makefile', line 44):
	go test -bench=. -benchtime 100000x -run=^$ -cpuprofile=cpu.prof -memprofile=prof.mem

compile-win:
#  Implicit rule search has not been done.
#  Modification time never checked.
#  File has not been updated.
#  recipe to execute (from 'Makefile', line 65):
	GOOS=windows GOARCH=amd64 go build -o bin/${WIN_64} main.go
	GOOS=windows GOARCH=386 go build -o bin/${WIN_32} main.go

clean:
#  Implicit rule search has not been done.
#  Modification time never checked.
#  File has not been updated.
#  recipe to execute (from 'Makefile', line 59):
	go clean --cache ./... 
	rm -f mem.prof
	rm -f prof.mem
	rm -rf bin

compile-mac:
#  Implicit rule search has not been done.
#  Modification time never checked.
#  File has not been updated.
#  recipe to execute (from 'Makefile', line 71):
	GOOS=darwin GOARCH=amd64 go build -o bin/${OSX_64} main.go

coverage-export: coverage
#  Implicit rule search has not been done.
#  Modification time never checked.
#  File has not been updated.
#  recipe to execute (from 'Makefile', line 50):
	go tool cover -html=coverage

# Not a target:
.DEFAULT:
#  Implicit rule search has not been done.
#  Modification time never checked.
#  File has not been updated.

all: build test check-test-coverage code-check compile
#  Command line target.
#  Implicit rule search has been done.
#  File does not exist.
#  File has been updated.
#  Needs to be updated (-q is set).
# variable set hash-table stats:
# Load=0/32=0%, Rehash=0, Collisions=0/3=0%

build:
#  Implicit rule search has not been done.
#  Implicit/static pattern stem: ''
#  File does not exist.
#  File has been updated.
#  Needs to be updated (-q is set).
# automatic
# @ := build
# automatic
# * := 
# automatic
# < := 
# automatic
# + := 
# automatic
# % := 
# automatic
# ^ := 
# automatic
# ? := 
# automatic
# | := 
# variable set hash-table stats:
# Load=8/32=25%, Rehash=0, Collisions=1/11=9%
#  recipe to execute (from 'Makefile', line 53):
	go build -v ./...

test:
#  Phony target (prerequisite of .PHONY).
#  Implicit rule search has not been done.
#  File does not exist.
#  File has not been updated.
#  recipe to execute (from 'Makefile', line 20):
	go test -v ./...

code-check:
#  Implicit rule search has not been done.
#  Modification time never checked.
#  File has not been updated.
#  recipe to execute (from 'Makefile', line 56):
	go vet -v ./...

# Not a target:
.SUFFIXES:
#  Implicit rule search has not been done.
#  Modification time never checked.
#  File has not been updated.

.PHONY: test
#  Implicit rule search has not been done.
#  Modification time never checked.
#  File has not been updated.

# files hash-table stats:
# Load=18/1024=2%, Rehash=0, Collisions=0/41=0%
# VPATH Search Paths

# No 'vpath' search paths.

# No general ('VPATH' variable) search path.

# strcache buffers: 1 (0) / strings = 42 / storage = 392 B / avg = 9 B
# current buf: size = 8162 B / used = 392 B / count = 42 / avg = 9 B

# strcache performance: lookups = 71 / hit rate = 40%
# hash-table stats:
# Load=42/8192=1%, Rehash=0, Collisions=0/71=0%
# Finished Make data base on Mon Aug 22 14:50:22 2022

 
